<?xml version="1.0" encoding="UTF-8"?>
<!-- Generated by org.testng.reporters.JUnitReportReporter -->
<testsuite skipped="0" hostname="HQSWL-C027727" name="com.WebDriver.learn.DropDown" tests="1" failures="0" timestamp="07 Dec 2017 17:38:24 GMT" time="7.112" errors="0">
  <testcase name="test1" time="7.112" classname="com.WebDriver.learn.DropDown"/>
</testsuite> <!-- com.WebDriver.learn.DropDown -->
